<?xml version="1.0" encoding="UTF-8"?>
<!-- Generated by org.testng.reporters.JUnitReportReporter -->
<testsuite hostname="MR-ROBOT" failures="0" tests="1" name="cucumber.TestNGTestRunner" time="20.785" errors="0" timestamp="2025-05-14T11:25:22 PDT" skipped="0">
  <testcase classname="cucumber.TestNGTestRunner" name="runScenario" time="20.785"/>
</testsuite> <!-- cucumber.TestNGTestRunner -->
