<?xml version="1.0" encoding="UTF-8"?>
<!-- Generated by org.testng.reporters.JUnitReportReporter -->
<testsuite hostname="MR-ROBOT" failures="0" tests="1" name="Projects.FrameWorkDevelopment.HelloWorld" time="0.012" errors="0" timestamp="2025-03-26T08:16:58 CDT" skipped="0">
  <testcase classname="Projects.FrameWorkDevelopment.HelloWorld" name="print" time="0.012"/>
  <system-out/>
</testsuite> <!-- Projects.FrameWorkDevelopment.HelloWorld -->
