<?xml version="1.0" encoding="UTF-8"?>
<!-- Generated by org.testng.reporters.JUnitReportReporter -->
<testsuite hostname="MR-ROBOT" failures="0" tests="1" name="Projects.FrameWorkDevelopment.StandaloneTest2" time="20.240" errors="0" timestamp="2025-03-27T15:17:46 CDT" skipped="0">
  <testcase classname="Projects.FrameWorkDevelopment.StandaloneTest2" name="submittest" time="20.240"/>
</testsuite> <!-- Projects.FrameWorkDevelopment.StandaloneTest2 -->
