<?xml version="1.0" encoding="UTF-8"?>
<!-- Generated by org.testng.reporters.JUnitReportReporter -->
<testsuite hostname="MR-ROBOT" failures="0" tests="3" name="Projects.FrameWorkDevelopment.SubmitOrderTest" time="48.107" errors="0" timestamp="2025-05-28T12:36:10 PDT" skipped="0">
  <testcase classname="Projects.FrameWorkDevelopment.SubmitOrderTest" name="submittest" time="20.667"/>
  <testcase classname="Projects.FrameWorkDevelopment.SubmitOrderTest" name="OrderHistoryTest" time="7.422"/>
  <testcase classname="Projects.FrameWorkDevelopment.SubmitOrderTest" name="submittest" time="20.018"/>
</testsuite> <!-- Projects.FrameWorkDevelopment.SubmitOrderTest -->
