<?xml version="1.0" encoding="UTF-8"?>
<!-- Generated by org.testng.reporters.JUnitReportReporter -->
<testsuite hostname="MR-ROBOT" failures="0" tests="1" name="cucumber.TestNGTestRunner" time="22.214" errors="0" timestamp="2025-06-02T10:06:55 PDT" skipped="0">
  <testcase classname="cucumber.TestNGTestRunner" name="runScenario" time="22.214"/>
</testsuite> <!-- cucumber.TestNGTestRunner -->
